{
  "RSpec": {
    "coverage": {
      "/home/abstract-inheritance-0181/tic-tac-toe-rb-ruby-intro-000/lib/tic_tac_toe.rb": [
        null,
        1,
        null,
        null,
        null,
        null,
        null,
        null,
        null,
        null,
        null,
        1,
        5,
        5,
        5,
        5,
        5,
        null,
        null,
        1,
        3,
        null,
        null,
        1,
        4,
        null,
        null,
        1,
        7,
        null,
        null,
        1,
        3,
        3,
        1,
        null,
        2,
        null,
        null,
        null,
        1,
        2,
        2,
        18,
        5,
        null,
        null,
        2,
        null,
        null,
        1,
        1,
        null
      ]
    },
    "timestamp": 1616607382
  }
}
