{
  "RSpec": {
    "coverage": {
      "/home/abstract-inheritance-0181/tic-tac-toe-rb-ruby-intro-000/lib/tic_tac_toe.rb": [
        null,
        1,
        null,
        null,
        null,
        null,
        null,
        null,
        null,
        null,
        null,
        1,
        5,
        5,
        5,
        5,
        5,
        null,
        null,
        1,
        20,
        null,
        null,
        1,
        20,
        null,
        null,
        1,
        24,
        null,
        null,
        1,
        20,
        20,
        17,
        null,
        3,
        null,
        null,
        null,
        1,
        16,
        16,
        144,
        16,
        null,
        null,
        16,
        null,
        null,
        1,
        15,
        null,
        null,
        null,
        null,
        1,
        17,
        17,
        17,
        17,
        16,
        null,
        1,
        null,
        null,
        null,
        1,
        43,
        301,
        301,
        301,
        null,
        301,
        301,
        301,
        null,
        301,
        12,
        289,
        2,
        null,
        null,
        29,
        null,
        null,
        1,
        113,
        null,
        null,
        1,
        14,
        5,
        9,
        6,
        3,
        3,
        null,
        null,
        null,
        1,
        18,
        10,
        null,
        8,
        null,
        null,
        null,
        1,
        3,
        2,
        null,
        null,
        null,
        1,
        12,
        14,
        14,
        null,
        null
      ]
    },
    "timestamp": 1616607883
  }
}
